<?xml version="1.0" encoding="UTF-8"?>
<!-- Generated by org.testng.reporters.JUnitReportReporter -->
<testsuite hostname="DESKTOP-QG8CIRA" failures="0" tests="1" name="ui.RunnerClass" time="31.179" errors="0" timestamp="2024-05-05T17:50:22 IST" skipped="0">
  <testcase classname="ui.RunnerClass" name="runScenario" time="31.179"/>
  <system-out/>
</testsuite> <!-- ui.RunnerClass -->
